<?xml version="1.0" encoding="utf-8"?><testsuites name="pytest tests"><testsuite name="pytest" errors="0" failures="0" skipped="0" tests="14" time="3.063" timestamp="2026-04-19T16:29:57.796763+00:00" hostname="agent-env-52afb53f-b4e3-421a-b4a4-6b35dfbe9b37"><testcase classname="backend.tests.test_stockeur_shipping.TestAuth" name="test_admin_login_returns_cookie" time="0.675" /><testcase classname="backend.tests.test_stockeur_shipping.TestAuth" name="test_stockeur_login_role" time="0.489" /><testcase classname="backend.tests.test_stockeur_shipping.TestAuth" name="test_stockeur_forbidden_on_admin_endpoint" time="0.431" /><testcase classname="backend.tests.test_stockeur_shipping.TestStockeurOrders" name="test_stockeur_orders_returns_required_fields" time="0.050" /><testcase classname="backend.tests.test_stockeur_shipping.TestStockeurOrders" name="test_admin_can_access_stockeur_orders" time="0.421" /><testcase classname="backend.tests.test_stockeur_shipping.TestCarrierResolution" name="test_explicit_mondial_relay_id" time="0.051" /><testcase classname="backend.tests.test_stockeur_shipping.TestCarrierResolution" name="test_chronopost_title_resolves" time="0.092" /><testcase classname="backend.tests.test_stockeur_shipping.TestCarrierResolution" name="test_colissimo_relay_title_resolves" time="0.046" /><testcase classname="backend.tests.test_stockeur_shipping.TestCarrierResolution" name="test_mondial_relay_title_resolves" time="0.046" /><testcase classname="backend.tests.test_stockeur_shipping.TestCarrierResolution" name="test_default_fallback_colissimo_home" time="0.048" /><testcase classname="backend.tests.test_stockeur_shipping.TestShippingLabel" name="test_create_label_with_only_order_id" time="0.149" /><testcase classname="backend.tests.test_stockeur_shipping.TestShippingLabel" name="test_create_label_idempotent" time="0.172" /><testcase classname="backend.tests.test_stockeur_shipping.TestShippingLabel" name="test_create_label_resolves_carrier_from_title_only" time="0.118" /><testcase classname="backend.tests.test_stockeur_shipping.TestWooWebhook" name="test_webhook_stores_shipping_method_from_shipping_lines" time="0.191" /></testsuite></testsuites>